mode: set
go-tdd-clean/01/product/use_case.go:6.42,8.2 1 1
go-tdd-clean/01/product/use_case.go:10.64,12.2 1 1
go-tdd-clean/02/product/create_input.go:7.46,8.18 1 1
go-tdd-clean/02/product/create_input.go:8.18,10.3 1 1
go-tdd-clean/02/product/create_input.go:11.2,11.13 1 1
go-tdd-clean/02/product/use_case.go:6.42,8.2 1 1
go-tdd-clean/02/product/use_case.go:10.64,12.23 1 1
go-tdd-clean/02/product/use_case.go:12.23,14.3 1 1
go-tdd-clean/02/product/use_case.go:21.2,21.13 1 1
go-tdd-clean/03/product/create_input.go:7.46,8.18 1 1
go-tdd-clean/03/product/create_input.go:8.18,10.3 1 1
go-tdd-clean/03/product/create_input.go:11.2,11.13 1 1
go-tdd-clean/03/product/use_case.go:9.42,11.2 1 1
go-tdd-clean/03/product/use_case.go:13.64,15.23 1 1
go-tdd-clean/03/product/use_case.go:15.23,17.3 1 1
go-tdd-clean/03/product/use_case.go:20.2,26.16 3 1
go-tdd-clean/03/product/use_case.go:26.16,29.3 2 0
go-tdd-clean/03/product/use_case.go:32.2,32.13 1 0
go-tdd-clean/10/application/product/create_input.go:10.57,11.18 1 1
go-tdd-clean/10/application/product/create_input.go:11.18,13.3 1 1
go-tdd-clean/10/application/product/create_input.go:14.2,14.18 1 1
go-tdd-clean/10/application/product/create_input.go:14.18,16.3 1 1
go-tdd-clean/10/application/product/create_input.go:17.2,17.13 1 1
go-tdd-clean/10/application/product/create_input.go:20.57,22.2 1 1
go-tdd-clean/10/application/product/use_case.go:13.79,17.2 1 1
go-tdd-clean/10/application/product/use_case.go:19.82,22.17 2 1
go-tdd-clean/10/application/product/use_case.go:22.17,25.3 2 1
go-tdd-clean/10/application/product/use_case.go:28.2,32.17 3 1
go-tdd-clean/10/application/product/use_case.go:32.17,35.3 2 0
go-tdd-clean/10/application/product/use_case.go:38.2,39.16 2 1
go-tdd-clean/10/application/product/use_case.go:39.16,43.3 3 1
go-tdd-clean/10/application/product/use_case.go:46.2,47.8 2 1
go-tdd-clean/10/shared/output.go:19.56,22.2 2 1
go-tdd-clean/10/shared/output.go:24.60,27.2 2 1
go-tdd-clean/10/shared/output.go:29.26,31.2 1 1
go-tdd-clean/10/shared/output.go:33.34,35.2 1 1
go-tdd-clean/10/shared/output.go:37.39,39.2 1 1
go-tdd-clean/10/shared/output.go:41.39,43.2 1 1
go-tdd-clean/10/shared/output.go:45.43,46.30 1 1
go-tdd-clean/10/shared/output.go:46.30,47.31 1 1
go-tdd-clean/10/shared/output.go:49.2,49.15 1 1
go-tdd-clean/10/shared/output.go:52.46,58.2 1 1
go-tdd-clean/10/domain/product/entity.go:16.53,23.2 1 1
go-tdd-clean/10/domain/product/entity.go:25.46,26.18 1 1
go-tdd-clean/10/domain/product/entity.go:26.18,28.3 1 1
go-tdd-clean/10/domain/product/entity.go:29.2,29.18 1 1
go-tdd-clean/10/domain/product/entity.go:29.18,31.3 1 1
go-tdd-clean/10/domain/product/entity.go:32.2,32.16 1 1
go-tdd-clean/10/domain/product/entity.go:32.16,34.3 1 1
go-tdd-clean/10/domain/product/entity.go:35.2,35.23 1 1
go-tdd-clean/10/domain/product/entity.go:35.23,37.3 1 1
go-tdd-clean/10/domain/product/entity.go:38.2,38.13 1 1
